<?xml version="1.0" encoding="UTF-8"?>
<!-- Generated by org.testng.reporters.JUnitReportReporter -->
<testsuite hostname="DESKTOP-1VCP591" failures="0" tests="1" name="MobileTestPack.Calculator" time="44.257" errors="0" timestamp="12 Jan 2018 20:17:13 GMT">
  <testcase classname="MobileTestPack.Calculator" name="calculator" time="44.257"/>
</testsuite> <!-- MobileTestPack.Calculator -->
