<?xml version="1.0" encoding="UTF-8"?>
<!-- Generated by org.testng.reporters.JUnitReportReporter -->
<testsuite hostname="DESKTOP-1VCP591" failures="0" tests="1" name="MobileTestPack.SwipeAction" time="30.620" errors="0" timestamp="12 Jan 2018 04:03:15 GMT">
  <testcase classname="MobileTestPack.SwipeAction" name="swipe" time="30.620"/>
</testsuite> <!-- MobileTestPack.SwipeAction -->
