<?xml version="1.0" encoding="UTF-8"?>
<!-- Generated by org.testng.reporters.JUnitReportReporter -->
<testsuite hostname="DESKTOP-1VCP591" failures="0" tests="1" name="MobileTestPack.Demo2" time="38.828" errors="0" timestamp="11 Jan 2018 20:13:28 GMT">
  <testcase classname="MobileTestPack.Demo2" name="testApp" time="38.828"/>
</testsuite> <!-- MobileTestPack.Demo2 -->
