<?xml version="1.0" encoding="UTF-8"?>
<!-- Generated by org.testng.reporters.JUnitReportReporter -->
<testsuite hostname="DESKTOP-1VCP591" failures="0" tests="2" name="MobileTestPack.MobileTestingDemo1" time="74.421" errors="0" timestamp="12 Jan 2018 19:14:32 GMT">
  <testcase classname="MobileTestPack.MobileTestingDemo1" name="testApp" time="38.379"/>
  <testcase classname="MobileTestPack.MobileTestingDemo1" name="testApp1" time="36.042"/>
</testsuite> <!-- MobileTestPack.MobileTestingDemo1 -->
