<?xml version="1.0" encoding="UTF-8"?>
<!-- Generated by org.testng.reporters.JUnitReportReporter -->
<testsuite hostname="DESKTOP-1VCP591" failures="0" tests="1" name="MobileTestPack.Amazon" time="33.424" errors="0" timestamp="12 Jan 2018 01:17:54 GMT">
  <testcase classname="MobileTestPack.Amazon" name="amazonDemo" time="33.424"/>
</testsuite> <!-- MobileTestPack.Amazon -->
