<?xml version="1.0" encoding="UTF-8"?>
<!-- Generated by org.testng.reporters.JUnitReportReporter -->
<testsuite hostname="DESKTOP-1VCP591" failures="0" tests="1" name="MobileTestPack.MultiTouch" time="37.183" errors="0" timestamp="12 Jan 2018 03:52:33 GMT">
  <testcase classname="MobileTestPack.MultiTouch" name="multitouch" time="37.183"/>
</testsuite> <!-- MobileTestPack.MultiTouch -->
